
**** Build of configuration Debug for project ADC_mult_conv_DTC_MSP430F2252 ****

C:\ti\ccsv5\utils\bin\gmake -k all 
'Building file: ../main.cfg'
'Invoking: XDCtools'
"C:/ti/xdctools_3_22_04_46/xs" --xdcpath="C:/ti/grace_1_10_00_17/packages;" xdc.tools.configuro -o configPkg -t ti.targets.msp430.MSP430 -p ti.platforms.msp430:MSP430F2252 -r debug -c "C:/ti/ccsv5/tools/compiler/msp430" --compileOptions "--symdebug:dwarf --optimize_with_debug" "../main.cfg"
making package.mak (because of package.bld) ...
generating interfaces for package configPkg (because package/package.xdc.inc is older than package.xdc) ...
configuring main.x430 from package/cfg/main_p430.cfg ...
cl430 package/cfg/main_p430.c ...
'Finished building: ../main.cfg'
' '
        1 file(s) copied.
making ../src/csl/csl.lib ...
gmake[1]: Nothing to be done for `all'.
'Building file: ../main.c'
'Invoking: MSP430 Compiler'
"C:/ti/ccsv5/tools/compiler/msp430/bin/cl430" -vmsp --abi=coffabi -g --include_path="C:/ti/ccsv5/ccs_base/msp430/include" --include_path="C:/ti/ccsv5/tools/compiler/msp430/include" --define=__MSP430F2252__ --diag_warning=225 --display_error_number --printf_support=minimal --preproc_with_compile --preproc_dependency="main.pp" --cmd_file="./configPkg/compiler.opt"  "../main.c"
"../main.c", line 42: warning #112-D: statement is unreachable
'Finished building: ../main.c'
' '
'Building target: ADC_mult_conv_DTC_MSP430F2252.out'
'Invoking: MSP430 Linker'
"C:/ti/ccsv5/tools/compiler/msp430/bin/cl430" -vmsp --abi=coffabi -g --define=__MSP430F2252__ --diag_warning=225 --display_error_number --printf_support=minimal -z -m"ADC_mult_conv_DTC_MSP430F2252.map" --stack_size=80 --heap_size=80 -i"C:/ti/ccsv5/ccs_base/msp430/include" -i"C:/ti/ccsv5/tools/compiler/msp430/lib" -i"C:/ti/ccsv5/tools/compiler/msp430/include" --reread_libs --warn_sections --rom_model -o "ADC_mult_conv_DTC_MSP430F2252.out" -l"./configPkg/linker.cmd"  "./main.obj" -l"libc.a" "../lnk_msp430f2252.cmd" 
<Linking>
'Finished building target: ADC_mult_conv_DTC_MSP430F2252.out'
' '
C:/ti/ccsv5/utils/bin/gmake --no-print-directory post-build
'Create flash image: Intel-HEX'
"C:/ti/ccsv5/tools/compiler/msp430/bin/hex430" -i "ADC_mult_conv_DTC_MSP430F2252.out" -o "ADC_mult_conv_DTC_MSP430F2252.hex" -order MS -romwidth 16
Translating to Intel format...
   "ADC_mult_conv_DTC_MSP430F2252.out"   ==> .text
   "ADC_mult_conv_DTC_MSP430F2252.out"   ==> .reset
' '

**** Build Finished ****
