
**** Clean-only build of configuration Debug for project SRFPLL_Grace ****

C:\ti\ccsv5\utils\bin\gmake -k clean 
cleaning ../src/csl ...
DEL /F  "configPkg\compiler.opt" "configPkg\linker.cmd"  "SRFPLL_Grace.out"
RMDIR /S/Q  "configPkg\" 
DEL /F "main.pp" 
DEL /F "main.obj" 
'Finished clean'
' '

**** Build Finished ****

**** Build of configuration Debug for project SRFPLL_Grace_G2452 ****

C:\ti\ccsv5\utils\bin\gmake -k all 
'Building file: ../main.cfg'
'Invoking: XDCtools'
"C:/ti/xdctools_3_22_04_46/xs" --xdcpath="C:/ti/grace_1_10_00_17/packages;" xdc.tools.configuro -o configPkg -t ti.targets.msp430.MSP430 -p ti.platforms.msp430:MSP430G2452 -r debug -c "C:/ti/ccsv5/tools/compiler/msp430" --compileOptions "--symdebug:dwarf --optimize_with_debug" "../main.cfg"
making package.mak (because of package.bld) ...
generating interfaces for package configPkg (because package/package.xdc.inc is older than package.xdc) ...
configuring main.x430 from package/cfg/main_p430.cfg ...
cl430 package/cfg/main_p430.c ...
'Finished building: ../main.cfg'
' '
        1 file(s) copied.
making ../src/csl/csl.lib ...
gmake[1]: Nothing to be done for `all'.
'Building file: ../main.c'
'Invoking: MSP430 Compiler'
"C:/ti/ccsv5/tools/compiler/msp430/bin/cl430" -vmsp --abi=coffabi -g --include_path="C:/ti/ccsv5/ccs_base/msp430/include" --include_path="C:/ti/ccsv5/tools/compiler/msp430/include" --define=__MSP430G2452__ --diag_warning=225 --display_error_number --printf_support=minimal --preproc_with_compile --preproc_dependency="main.pp" --cmd_file="./configPkg/compiler.opt"  "../main.c"
"../main.c", line 142: warning #112-D: statement is unreachable
"../main.c", line 46: warning #552-D: variable "vq" was set but never used
'Finished building: ../main.c'
' '
'Building target: SRFPLL_Grace_G2452.out'
'Invoking: MSP430 Linker'
"C:/ti/ccsv5/tools/compiler/msp430/bin/cl430" -vmsp --abi=coffabi -g --define=__MSP430G2452__ --diag_warning=225 --display_error_number --printf_support=minimal -z -m"SRFPLL_Grace_G2452.map" --stack_size=80 --heap_size=80 -i"C:/ti/ccsv5/ccs_base/msp430/include" -i"C:/ti/ccsv5/tools/compiler/msp430/lib" -i"C:/ti/ccsv5/tools/compiler/msp430/include" --reread_libs --warn_sections --rom_model -o "SRFPLL_Grace_G2452.out" -l"./configPkg/linker.cmd"  "./main.obj" -l"libc.a" "../lnk_msp430g2452.cmd" 
<Linking>
'Finished building target: SRFPLL_Grace_G2452.out'
' '

**** Build Finished ****

**** Build of configuration Debug for project SRFPLL_Grace_G2452 ****

C:\ti\ccsv5\utils\bin\gmake -k all 
making ../src/csl/csl.lib ...
gmake[1]: Nothing to be done for `all'.

**** Build Finished ****

**** Build of configuration Debug for project SRFPLL_Grace_G2452 ****

C:\ti\ccsv5\utils\bin\gmake -k all 
'Building file: ../main.cfg'
'Invoking: XDCtools'
"C:/ti/xdctools_3_22_04_46/xs" --xdcpath="C:/ti/grace_1_10_00_17/packages;" xdc.tools.configuro -o configPkg -t ti.targets.msp430.MSP430 -p ti.platforms.msp430:MSP430G2452 -r debug -c "C:/ti/ccsv5/tools/compiler/msp430" --compileOptions "--symdebug:dwarf --optimize_with_debug" "../main.cfg"
making package.mak (because of package.bld) ...
generating interfaces for package configPkg (because package/package.xdc.inc is older than package.xdc) ...
configuring main.x430 from package/cfg/main_p430.cfg ...
cl430 package/cfg/main_p430.c ...
'Finished building: ../main.cfg'
' '
        1 file(s) copied.
'Building file: ../main.c'
'Invoking: MSP430 Compiler'
"C:/ti/ccsv5/tools/compiler/msp430/bin/cl430" -vmsp --abi=coffabi -g --include_path="C:/ti/ccsv5/ccs_base/msp430/include" --include_path="C:/ti/ccsv5/tools/compiler/msp430/include" --define=__MSP430G2452__ --diag_warning=225 --display_error_number --printf_support=minimal --preproc_with_compile --preproc_dependency="main.pp" --cmd_file="./configPkg/compiler.opt"  "../main.c"
"../main.c", line 142: warning #112-D: statement is unreachable
"../main.c", line 46: warning #552-D: variable "vq" was set but never used
'Finished building: ../main.c'
' '
'Building target: SRFPLL_Grace_G2452.out'
'Invoking: MSP430 Linker'
"C:/ti/ccsv5/tools/compiler/msp430/bin/cl430" -vmsp --abi=coffabi -g --define=__MSP430G2452__ --diag_warning=225 --display_error_number --printf_support=minimal -z -m"SRFPLL_Grace_G2452.map" --stack_size=80 --heap_size=80 -i"C:/ti/ccsv5/ccs_base/msp430/include" -i"C:/ti/ccsv5/tools/compiler/msp430/lib" -i"C:/ti/ccsv5/tools/compiler/msp430/include" --reread_libs --warn_sections --rom_model -o "SRFPLL_Grace_G2452.out" -l"./configPkg/linker.cmd"  "./main.obj" -l"libc.a" "../lnk_msp430g2452.cmd" 
<Linking>
'Finished building target: SRFPLL_Grace_G2452.out'
' '

**** Build Finished ****

**** Build of configuration Debug for project SRFPLL_Grace_G2452 ****

C:\ti\ccsv5\utils\bin\gmake -k all 
'Building file: ../main.c'
'Invoking: MSP430 Compiler'
"C:/ti/ccsv5/tools/compiler/msp430/bin/cl430" -vmsp --abi=coffabi -g --include_path="C:/ti/ccsv5/ccs_base/msp430/include" --include_path="C:/ti/ccsv5/tools/compiler/msp430/include" --define=__MSP430G2452__ --diag_warning=225 --display_error_number --printf_support=minimal --preproc_with_compile --preproc_dependency="main.pp" --cmd_file="./configPkg/compiler.opt"  "../main.c"
"../main.c", line 140: warning #112-D: statement is unreachable
'Finished building: ../main.c'
' '
'Building target: SRFPLL_Grace_G2452.out'
'Invoking: MSP430 Linker'
"C:/ti/ccsv5/tools/compiler/msp430/bin/cl430" -vmsp --abi=coffabi -g --define=__MSP430G2452__ --diag_warning=225 --display_error_number --printf_support=minimal -z -m"SRFPLL_Grace_G2452.map" --stack_size=80 --heap_size=80 -i"C:/ti/ccsv5/ccs_base/msp430/include" -i"C:/ti/ccsv5/tools/compiler/msp430/lib" -i"C:/ti/ccsv5/tools/compiler/msp430/include" --reread_libs --warn_sections --rom_model -o "SRFPLL_Grace_G2452.out" -l"./configPkg/linker.cmd"  "./main.obj" -l"libc.a" "../lnk_msp430g2452.cmd" 
<Linking>
'Finished building target: SRFPLL_Grace_G2452.out'
' '

**** Build Finished ****

**** Build of configuration Debug for project SRFPLL_Grace_G2452 ****

C:\ti\ccsv5\utils\bin\gmake -k all 
gmake: Nothing to be done for `all'.

**** Build Finished ****

**** Build of configuration Debug for project SRFPLL_Grace_G2452 ****

C:\ti\ccsv5\utils\bin\gmake -k all 
'Building file: ../main.c'
'Invoking: MSP430 Compiler'
"C:/ti/ccsv5/tools/compiler/msp430/bin/cl430" -vmsp --abi=coffabi -g --include_path="C:/ti/ccsv5/ccs_base/msp430/include" --include_path="C:/ti/ccsv5/tools/compiler/msp430/include" --define=__MSP430G2452__ --diag_warning=225 --display_error_number --printf_support=minimal --preproc_with_compile --preproc_dependency="main.pp" --cmd_file="./configPkg/compiler.opt"  "../main.c"
"../main.c", line 140: warning #112-D: statement is unreachable
"../main.c", line 46: warning #552-D: variable "vq" was set but never used
'Finished building: ../main.c'
' '
'Building target: SRFPLL_Grace_G2452.out'
'Invoking: MSP430 Linker'
"C:/ti/ccsv5/tools/compiler/msp430/bin/cl430" -vmsp --abi=coffabi -g --define=__MSP430G2452__ --diag_warning=225 --display_error_number --printf_support=minimal -z -m"SRFPLL_Grace_G2452.map" --stack_size=80 --heap_size=80 -i"C:/ti/ccsv5/ccs_base/msp430/include" -i"C:/ti/ccsv5/tools/compiler/msp430/lib" -i"C:/ti/ccsv5/tools/compiler/msp430/include" --reread_libs --warn_sections --rom_model -o "SRFPLL_Grace_G2452.out" -l"./configPkg/linker.cmd"  "./main.obj" -l"libc.a" "../lnk_msp430g2452.cmd" 
<Linking>
'Finished building target: SRFPLL_Grace_G2452.out'
' '

**** Build Finished ****

**** Build of configuration Debug for project SRFPLL_Grace_G2452 ****

C:\ti\ccsv5\utils\bin\gmake -k all 
'Building file: ../main.c'
'Invoking: MSP430 Compiler'
"C:/ti/ccsv5/tools/compiler/msp430/bin/cl430" -vmsp --abi=coffabi -g --include_path="C:/ti/ccsv5/ccs_base/msp430/include" --include_path="C:/ti/ccsv5/tools/compiler/msp430/include" --define=__MSP430G2452__ --diag_warning=225 --display_error_number --printf_support=minimal --preproc_with_compile --preproc_dependency="main.pp" --cmd_file="./configPkg/compiler.opt"  "../main.c"
"../main.c", line 140: warning #112-D: statement is unreachable
"../main.c", line 46: warning #552-D: variable "vq" was set but never used
'Finished building: ../main.c'
' '
'Building target: SRFPLL_Grace_G2452.out'
'Invoking: MSP430 Linker'
"C:/ti/ccsv5/tools/compiler/msp430/bin/cl430" -vmsp --abi=coffabi -g --define=__MSP430G2452__ --diag_warning=225 --display_error_number --printf_support=minimal -z -m"SRFPLL_Grace_G2452.map" --stack_size=80 --heap_size=80 -i"C:/ti/ccsv5/ccs_base/msp430/include" -i"C:/ti/ccsv5/tools/compiler/msp430/lib" -i"C:/ti/ccsv5/tools/compiler/msp430/include" --reread_libs --warn_sections --rom_model -o "SRFPLL_Grace_G2452.out" -l"./configPkg/linker.cmd"  "./main.obj" -l"libc.a" "../lnk_msp430g2452.cmd" 
<Linking>
'Finished building target: SRFPLL_Grace_G2452.out'
' '

**** Build Finished ****

**** Build of configuration Debug for project SRFPLL_Grace_G2452 ****

C:\ti\ccsv5\utils\bin\gmake -k all 
'Building file: ../main.c'
'Invoking: MSP430 Compiler'
"C:/ti/ccsv5/tools/compiler/msp430/bin/cl430" -vmsp --abi=coffabi -g --include_path="C:/ti/ccsv5/ccs_base/msp430/include" --include_path="C:/ti/ccsv5/tools/compiler/msp430/include" --define=__MSP430G2452__ --diag_warning=225 --display_error_number --printf_support=minimal --preproc_with_compile --preproc_dependency="main.pp" --cmd_file="./configPkg/compiler.opt"  "../main.c"
"../main.c", line 140: warning #112-D: statement is unreachable
"../main.c", line 46: warning #552-D: variable "vq" was set but never used
'Finished building: ../main.c'
' '
'Building target: SRFPLL_Grace_G2452.out'
'Invoking: MSP430 Linker'
"C:/ti/ccsv5/tools/compiler/msp430/bin/cl430" -vmsp --abi=coffabi -g --define=__MSP430G2452__ --diag_warning=225 --display_error_number --printf_support=minimal -z -m"SRFPLL_Grace_G2452.map" --stack_size=80 --heap_size=80 -i"C:/ti/ccsv5/ccs_base/msp430/include" -i"C:/ti/ccsv5/tools/compiler/msp430/lib" -i"C:/ti/ccsv5/tools/compiler/msp430/include" --reread_libs --warn_sections --rom_model -o "SRFPLL_Grace_G2452.out" -l"./configPkg/linker.cmd"  "./main.obj" -l"libc.a" "../lnk_msp430g2452.cmd" 
<Linking>
'Finished building target: SRFPLL_Grace_G2452.out'
' '

**** Build Finished ****

**** Build of configuration Debug for project SRFPLL_Grace_G2452 ****

C:\ti\ccsv5\utils\bin\gmake -k all 
'Building file: ../main.cfg'
'Invoking: XDCtools'
"C:/ti/xdctools_3_22_04_46/xs" --xdcpath="C:/ti/grace_1_10_00_17/packages;" xdc.tools.configuro -o configPkg -t ti.targets.msp430.MSP430 -p ti.platforms.msp430:MSP430G2452 -r debug -c "C:/ti/ccsv5/tools/compiler/msp430" --compileOptions "--symdebug:dwarf --optimize_with_debug" "../main.cfg"
making package.mak (because of package.bld) ...
generating interfaces for package configPkg (because package/package.xdc.inc is older than package.xdc) ...
configuring main.x430 from package/cfg/main_p430.cfg ...
cl430 package/cfg/main_p430.c ...
'Finished building: ../main.cfg'
' '
        1 file(s) copied.
'Building file: ../main.c'
'Invoking: MSP430 Compiler'
"C:/ti/ccsv5/tools/compiler/msp430/bin/cl430" -vmsp --abi=coffabi -g --include_path="C:/ti/ccsv5/ccs_base/msp430/include" --include_path="C:/ti/ccsv5/tools/compiler/msp430/include" --define=__MSP430G2452__ --diag_warning=225 --display_error_number --printf_support=minimal --preproc_with_compile --preproc_dependency="main.pp" --cmd_file="./configPkg/compiler.opt"  "../main.c"
"../main.c", line 140: warning #112-D: statement is unreachable
"../main.c", line 46: warning #552-D: variable "vq" was set but never used
'Finished building: ../main.c'
' '
'Building target: SRFPLL_Grace_G2452.out'
'Invoking: MSP430 Linker'
"C:/ti/ccsv5/tools/compiler/msp430/bin/cl430" -vmsp --abi=coffabi -g --define=__MSP430G2452__ --diag_warning=225 --display_error_number --printf_support=minimal -z -m"SRFPLL_Grace_G2452.map" --stack_size=80 --heap_size=80 -i"C:/ti/ccsv5/ccs_base/msp430/include" -i"C:/ti/ccsv5/tools/compiler/msp430/lib" -i"C:/ti/ccsv5/tools/compiler/msp430/include" --reread_libs --warn_sections --rom_model -o "SRFPLL_Grace_G2452.out" -l"./configPkg/linker.cmd"  "./main.obj" -l"libc.a" "../lnk_msp430g2452.cmd" 
<Linking>
'Finished building target: SRFPLL_Grace_G2452.out'
' '

**** Build Finished ****

**** Build of configuration Debug for project SRFPLL_Grace_G2452 ****

C:\ti\ccsv5\utils\bin\gmake -k all 
gmake: Nothing to be done for `all'.

**** Build Finished ****

**** Build of configuration Debug for project SRFPLL_Grace_G2452 ****

C:\ti\ccsv5\utils\bin\gmake -k all 
gmake: Nothing to be done for `all'.

**** Build Finished ****

**** Build of configuration Debug for project SRFPLL_Grace_G2452 ****

C:\ti\ccsv5\utils\bin\gmake -k all 
gmake: Nothing to be done for `all'.

**** Build Finished ****

**** Build of configuration Debug for project SRFPLL_Grace_G2452 ****

C:\ti\ccsv5\utils\bin\gmake -k all 
gmake: Nothing to be done for `all'.

**** Build Finished ****

**** Build of configuration Debug for project SRFPLL_Grace_G2452 ****

C:\ti\ccsv5\utils\bin\gmake -k all 
'Building file: ../main.c'
'Invoking: MSP430 Compiler'
"C:/ti/ccsv5/tools/compiler/msp430/bin/cl430" -vmsp --abi=coffabi -g --include_path="C:/ti/ccsv5/ccs_base/msp430/include" --include_path="C:/ti/ccsv5/tools/compiler/msp430/include" --define=__MSP430G2452__ --diag_warning=225 --display_error_number --printf_support=minimal --preproc_with_compile --preproc_dependency="main.pp" --cmd_file="./configPkg/compiler.opt"  "../main.c"
"../main.c", line 141: warning #112-D: statement is unreachable
"../main.c", line 47: warning #552-D: variable "vq" was set but never used
'Finished building: ../main.c'
' '
'Building target: SRFPLL_Grace_G2452.out'
'Invoking: MSP430 Linker'
"C:/ti/ccsv5/tools/compiler/msp430/bin/cl430" -vmsp --abi=coffabi -g --define=__MSP430G2452__ --diag_warning=225 --display_error_number --printf_support=minimal -z -m"SRFPLL_Grace_G2452.map" --stack_size=80 --heap_size=80 -i"C:/ti/ccsv5/ccs_base/msp430/include" -i"C:/ti/ccsv5/tools/compiler/msp430/lib" -i"C:/ti/ccsv5/tools/compiler/msp430/include" --reread_libs --warn_sections --rom_model -o "SRFPLL_Grace_G2452.out" -l"./configPkg/linker.cmd"  "./main.obj" -l"libc.a" "../lnk_msp430g2452.cmd" 
<Linking>
'Finished building target: SRFPLL_Grace_G2452.out'
' '

**** Build Finished ****

**** Build of configuration Debug for project SRFPLL_Grace_G2452 ****

C:\ti\ccsv5\utils\bin\gmake -k all 
'Building file: ../main.c'
'Invoking: MSP430 Compiler'
"C:/ti/ccsv5/tools/compiler/msp430/bin/cl430" -vmsp --abi=coffabi -g --include_path="C:/ti/ccsv5/ccs_base/msp430/include" --include_path="C:/ti/ccsv5/tools/compiler/msp430/include" --define=__MSP430G2452__ --diag_warning=225 --display_error_number --printf_support=minimal --preproc_with_compile --preproc_dependency="main.pp" --cmd_file="./configPkg/compiler.opt"  "../main.c"
"../main.c", line 141: warning #112-D: statement is unreachable
"../main.c", line 47: warning #552-D: variable "vq" was set but never used
'Finished building: ../main.c'
' '
'Building target: SRFPLL_Grace_G2452.out'
'Invoking: MSP430 Linker'
"C:/ti/ccsv5/tools/compiler/msp430/bin/cl430" -vmsp --abi=coffabi -g --define=__MSP430G2452__ --diag_warning=225 --display_error_number --printf_support=minimal -z -m"SRFPLL_Grace_G2452.map" --stack_size=80 --heap_size=80 -i"C:/ti/ccsv5/ccs_base/msp430/include" -i"C:/ti/ccsv5/tools/compiler/msp430/lib" -i"C:/ti/ccsv5/tools/compiler/msp430/include" --reread_libs --warn_sections --rom_model -o "SRFPLL_Grace_G2452.out" -l"./configPkg/linker.cmd"  "./main.obj" -l"libc.a" "../lnk_msp430g2452.cmd" 
<Linking>
'Finished building target: SRFPLL_Grace_G2452.out'
' '

**** Build Finished ****

**** Build of configuration Debug for project SRFPLL_Grace_G2452 ****

C:\ti\ccsv5\utils\bin\gmake -k all 
'Building file: ../main.c'
'Invoking: MSP430 Compiler'
"C:/ti/ccsv5/tools/compiler/msp430/bin/cl430" -vmsp --abi=coffabi -g --include_path="C:/ti/ccsv5/ccs_base/msp430/include" --include_path="C:/ti/ccsv5/tools/compiler/msp430/include" --define=__MSP430G2452__ --diag_warning=225 --display_error_number --printf_support=minimal --preproc_with_compile --preproc_dependency="main.pp" --cmd_file="./configPkg/compiler.opt"  "../main.c"
"../main.c", line 141: warning #112-D: statement is unreachable
'Finished building: ../main.c'
' '
'Building target: SRFPLL_Grace_G2452.out'
'Invoking: MSP430 Linker'
"C:/ti/ccsv5/tools/compiler/msp430/bin/cl430" -vmsp --abi=coffabi -g --define=__MSP430G2452__ --diag_warning=225 --display_error_number --printf_support=minimal -z -m"SRFPLL_Grace_G2452.map" --stack_size=80 --heap_size=80 -i"C:/ti/ccsv5/ccs_base/msp430/include" -i"C:/ti/ccsv5/tools/compiler/msp430/lib" -i"C:/ti/ccsv5/tools/compiler/msp430/include" --reread_libs --warn_sections --rom_model -o "SRFPLL_Grace_G2452.out" -l"./configPkg/linker.cmd"  "./main.obj" -l"libc.a" "../lnk_msp430g2452.cmd" 
<Linking>
'Finished building target: SRFPLL_Grace_G2452.out'
' '

**** Build Finished ****

**** Build of configuration Debug for project SRFPLL_Grace_G2452 ****

C:\ti\ccsv5\utils\bin\gmake -k all 
'Building file: ../main.c'
'Invoking: MSP430 Compiler'
"C:/ti/ccsv5/tools/compiler/msp430/bin/cl430" -vmsp --abi=coffabi -g --include_path="C:/ti/ccsv5/ccs_base/msp430/include" --include_path="C:/ti/ccsv5/tools/compiler/msp430/include" --define=__MSP430G2452__ --diag_warning=225 --display_error_number --printf_support=minimal --preproc_with_compile --preproc_dependency="main.pp" --cmd_file="./configPkg/compiler.opt"  "../main.c"
"../main.c", line 140: warning #112-D: statement is unreachable
'Finished building: ../main.c'
' '
'Building target: SRFPLL_Grace_G2452.out'
'Invoking: MSP430 Linker'
"C:/ti/ccsv5/tools/compiler/msp430/bin/cl430" -vmsp --abi=coffabi -g --define=__MSP430G2452__ --diag_warning=225 --display_error_number --printf_support=minimal -z -m"SRFPLL_Grace_G2452.map" --stack_size=80 --heap_size=80 -i"C:/ti/ccsv5/ccs_base/msp430/include" -i"C:/ti/ccsv5/tools/compiler/msp430/lib" -i"C:/ti/ccsv5/tools/compiler/msp430/include" --reread_libs --warn_sections --rom_model -o "SRFPLL_Grace_G2452.out" -l"./configPkg/linker.cmd"  "./main.obj" -l"libc.a" "../lnk_msp430g2452.cmd" 
<Linking>
'Finished building target: SRFPLL_Grace_G2452.out'
' '

**** Build Finished ****
