
**** Build of configuration Debug for project LED ****

C:\ti\ccsv5\utils\bin\gmake -k all 
'Building file: ../led.cfg'
'Invoking: XDCtools'
"C:/ti/xdctools_3_22_04_46/xs" --xdcpath="C:/ti/grace_1_10_00_17/packages;" xdc.tools.configuro -o configPkg -t ti.targets.msp430.MSP430 -p ti.platforms.msp430:MSP430F2252 -r debug -c "C:/ti/ccsv5/tools/compiler/msp430" --compileOptions "--symdebug:dwarf --optimize_with_debug" "../led.cfg"
making package.mak (because of package.bld) ...
generating interfaces for package configPkg (because package/package.xdc.inc is older than package.xdc) ...
configuring led.x430 from package/cfg/led_p430.cfg ...
cl430 package/cfg/led_p430.c ...
'Finished building: ../led.cfg'
' '
        1 file(s) copied.
'Building file: ../led.c'
'Invoking: MSP430 Compiler'
"C:/ti/ccsv5/tools/compiler/msp430/bin/cl430" -vmsp --abi=coffabi -g --include_path="C:/ti/ccsv5/ccs_base/msp430/include" --include_path="C:/ti/ccsv5/tools/compiler/msp430/include" --define=__MSP430F2252__ --diag_warning=225 --display_error_number --printf_support=minimal --preproc_with_compile --preproc_dependency="led.pp" --cmd_file="./configPkg/compiler.opt"  "../led.c"
'Finished building: ../led.c'
' '
'Building target: LED.out'
'Invoking: MSP430 Linker'
"C:/ti/ccsv5/tools/compiler/msp430/bin/cl430" -vmsp --abi=coffabi -g --define=__MSP430F2252__ --diag_warning=225 --display_error_number --printf_support=minimal -z -m"LED.map" --stack_size=80 --heap_size=80 -i"C:/ti/ccsv5/ccs_base/msp430/include" -i"C:/ti/ccsv5/tools/compiler/msp430/lib" -i"C:/ti/ccsv5/tools/compiler/msp430/include" --reread_libs --warn_sections --rom_model -o "LED.out" -l"./configPkg/linker.cmd"  "./led.obj" -l"libc.a" "../lnk_msp430f2252.cmd" 
<Linking>
'Finished building target: LED.out'
' '
C:/ti/ccsv5/utils/bin/gmake --no-print-directory post-build
'Create flash image: Intel-HEX'
"C:/ti/ccsv5/tools/compiler/msp430/bin/hex430" -i "LED.out" -o "LED.hex" -order MS -romwidth 16
Translating to Intel format...
   "LED.out"   ==> .text
   "LED.out"   ==> .reset
' '

**** Build Finished ****
