
**** Build of configuration Debug for project msp430x20xx_blink_led ****

C:\ti\ccsv5\utils\bin\gmake -k all 
'Building file: ../msp430x20xx_blink_led.cfg'
'Invoking: XDCtools'
"C:/ti/xdctools_3_22_04_46/xs" --xdcpath="C:/ti/grace_1_10_00_17/packages;" xdc.tools.configuro -o configPkg -t ti.targets.msp430.MSP430 -p ti.platforms.msp430:MSP430F2013 -r debug -c "C:/ti/ccsv5/tools/compiler/msp430" --compileOptions "--symdebug:dwarf --optimize_with_debug" "../msp430x20xx_blink_led.cfg"
making package.mak (because of package.bld) ...
generating interfaces for package configPkg (because package/package.xdc.inc is older than package.xdc) ...
configuring msp430x20xx_blink_led.x430 from package/cfg/msp430x20xx_blink_led_p430.cfg ...
cl430 package/cfg/msp430x20xx_blink_led_p430.c ...
'Finished building: ../msp430x20xx_blink_led.cfg'
' '
        1 file(s) copied.
'Building file: ../msp430x20xx_blink_led.c'
'Invoking: MSP430 Compiler'
"C:/ti/ccsv5/tools/compiler/msp430/bin/cl430" -vmsp --abi=coffabi -O0 -g --include_path="C:/ti/ccsv5/ccs_base/msp430/include" --include_path="C:/ti/ccsv5/tools/compiler/msp430/include" --define=__MSP430F2013__ --diag_warning=225 --display_error_number --printf_support=minimal --preproc_with_compile --preproc_dependency="msp430x20xx_blink_led.pp" --cmd_file="./configPkg/compiler.opt"  "../msp430x20xx_blink_led.c"
'Finished building: ../msp430x20xx_blink_led.c'
' '
'Building target: msp430x20xx_blink_led.out'
'Invoking: MSP430 Linker'
"C:/ti/ccsv5/tools/compiler/msp430/bin/cl430" -vmsp --abi=coffabi -O0 -g --define=__MSP430F2013__ --diag_warning=225 --display_error_number --printf_support=minimal -z -m"msp430x20xx_blink_led.map" --stack_size=50 --heap_size=0 -i"C:/ti/ccsv5/ccs_base/msp430/include" -i"C:/ti/ccsv5/tools/compiler/msp430/lib" -i"C:/ti/ccsv5/tools/compiler/msp430/include" --reread_libs --warn_sections --rom_model -o "msp430x20xx_blink_led.out" -l"./configPkg/linker.cmd"  "./msp430x20xx_blink_led.obj" -l"libc.a" "../lnk_msp430f2013.cmd" 
<Linking>
'Finished building target: msp430x20xx_blink_led.out'
' '

**** Build Finished ****
